D:\NQUEEN\DEBUG\NQUEEN.EXE
D:\NQUEEN\DEBUG\NQUEEN.ILK
D:\NQUEEN\DEBUG\NQUEEN.PDB
D:\NQUEEN\NQUEEN\DEBUG\NQUEEN.EXE.INTERMEDIATE.MANIFEST
D:\NQUEEN\NQUEEN\DEBUG\NQUEEN.OBJ
D:\NQUEEN\NQUEEN\DEBUG\VC100.PDB
S:\Belajar\NQueen\Debug\NQueen.exe
S:\Belajar\NQueen\Debug\NQueen.ilk
S:\Belajar\NQueen\Debug\NQueen.pdb
S:\Belajar\NQueen\NQueen\Debug\cl.command.1.tlog
S:\Belajar\NQueen\NQueen\Debug\CL.read.1.tlog
S:\Belajar\NQueen\NQueen\Debug\CL.write.1.tlog
S:\Belajar\NQueen\NQueen\Debug\link.command.1.tlog
S:\Belajar\NQueen\NQueen\Debug\link.read.1.tlog
S:\Belajar\NQueen\NQueen\Debug\link.write.1.tlog
S:\Belajar\NQueen\NQueen\Debug\mt.command.1.tlog
S:\Belajar\NQueen\NQueen\Debug\mt.read.1.tlog
S:\Belajar\NQueen\NQueen\Debug\mt.write.1.tlog
S:\Belajar\NQueen\NQueen\Debug\NQueen.exe.intermediate.manifest
S:\Belajar\NQueen\NQueen\Debug\NQueen.obj
S:\Belajar\NQueen\NQueen\Debug\vc100.idb
S:\Belajar\NQueen\NQueen\Debug\vc100.pdb
